2022-08-03 11:57:13.736  INFO 12460 --- [restartedMain] com.tweetapp.TweetApp                    : Starting TweetApp using Java 11.0.12 on ctsjava729 with PID 12460 (C:\Users\cogjava2117\Downloads\tweetappbackend-main\Tweetapp\TweetApp\target\classes started by cogjava2117 in C:\Users\cogjava2117\Downloads\tweetappbackend-main\Tweetapp\TweetApp)
2022-08-03 11:57:13.750  INFO 12460 --- [restartedMain] com.tweetapp.TweetApp                    : No active profile set, falling back to default profiles: default
2022-08-03 11:57:13.838  INFO 12460 --- [restartedMain] .e.DevToolsPropertyDefaultsPostProcessor : Devtools property defaults active! Set 'spring.devtools.add-properties' to 'false' to disable
2022-08-03 11:57:13.841  INFO 12460 --- [restartedMain] .e.DevToolsPropertyDefaultsPostProcessor : For additional web related logging consider setting the 'logging.level.web' property to 'DEBUG'
2022-08-03 11:57:16.089  INFO 12460 --- [restartedMain] .s.d.r.c.RepositoryConfigurationDelegate : Bootstrapping Spring Data MongoDB repositories in DEFAULT mode.
2022-08-03 11:57:16.210  INFO 12460 --- [restartedMain] .s.d.r.c.RepositoryConfigurationDelegate : Finished Spring Data repository scanning in 109 ms. Found 2 MongoDB repository interfaces.
2022-08-03 11:57:17.154  INFO 12460 --- [restartedMain] o.s.b.w.embedded.tomcat.TomcatWebServer  : Tomcat initialized with port(s): 8082 (http)
2022-08-03 11:57:17.178  INFO 12460 --- [restartedMain] o.apache.catalina.core.StandardService   : Starting service [Tomcat]
2022-08-03 11:57:17.179  INFO 12460 --- [restartedMain] org.apache.catalina.core.StandardEngine  : Starting Servlet engine: [Apache Tomcat/9.0.45]
2022-08-03 11:57:17.374  INFO 12460 --- [restartedMain] o.a.c.c.C.[.[localhost].[/api/v1.0]      : Initializing Spring embedded WebApplicationContext
2022-08-03 11:57:17.375  INFO 12460 --- [restartedMain] w.s.c.ServletWebServerApplicationContext : Root WebApplicationContext: initialization completed in 3532 ms
2022-08-03 11:57:18.056  INFO 12460 --- [restartedMain] org.mongodb.driver.cluster               : Cluster created with settings {hosts=[localhost:27017], mode=SINGLE, requiredClusterType=UNKNOWN, serverSelectionTimeout='30000 ms'}
2022-08-03 11:57:18.176  INFO 12460 --- [cluster-ClusterId{value='62ea1546fd60aa5e26cf35a3', description='null'}-localhost:27017] org.mongodb.driver.connection            : Opened connection [connectionId{localValue:2, serverValue:1}] to localhost:27017
2022-08-03 11:57:18.181  INFO 12460 --- [cluster-rtt-ClusterId{value='62ea1546fd60aa5e26cf35a3', description='null'}-localhost:27017] org.mongodb.driver.connection            : Opened connection [connectionId{localValue:1, serverValue:2}] to localhost:27017
2022-08-03 11:57:18.186  INFO 12460 --- [cluster-ClusterId{value='62ea1546fd60aa5e26cf35a3', description='null'}-localhost:27017] org.mongodb.driver.cluster               : Monitor thread successfully connected to server with description ServerDescription{address=localhost:27017, type=STANDALONE, state=CONNECTED, ok=true, minWireVersion=0, maxWireVersion=13, maxDocumentSize=16777216, logicalSessionTimeoutMinutes=30, roundTripTimeNanos=37195200}
2022-08-03 11:57:18.445  INFO 12460 --- [restartedMain] o.s.b.d.a.OptionalLiveReloadServer       : LiveReload server is running on port 35729
2022-08-03 11:57:19.547  INFO 12460 --- [restartedMain] o.s.b.a.e.web.EndpointLinksResolver      : Exposing 15 endpoint(s) beneath base path '/actuator'
2022-08-03 11:57:19.855  INFO 12460 --- [restartedMain] o.s.s.web.DefaultSecurityFilterChain     : Will secure any request with [org.springframework.security.web.context.request.async.WebAsyncManagerIntegrationFilter@68f9c6f8, org.springframework.security.web.context.SecurityContextPersistenceFilter@7b5a1dd6, org.springframework.security.web.header.HeaderWriterFilter@98faebf, org.springframework.security.web.authentication.logout.LogoutFilter@59496593, org.springframework.security.web.savedrequest.RequestCacheAwareFilter@43268487, org.springframework.security.web.servletapi.SecurityContextHolderAwareRequestFilter@3308b7c8, org.springframework.security.web.authentication.AnonymousAuthenticationFilter@c7514be, org.springframework.security.web.session.SessionManagementFilter@41e8de25, org.springframework.security.web.access.ExceptionTranslationFilter@58bb613e, org.springframework.security.web.access.intercept.FilterSecurityInterceptor@1a0ed576]
2022-08-03 11:57:19.903  INFO 12460 --- [restartedMain] pertySourcedRequestMappingHandlerMapping : Mapped URL path [/v2/api-docs] onto method [springfox.documentation.swagger2.web.Swagger2Controller#getDocumentation(String, HttpServletRequest)]
2022-08-03 11:57:20.059  INFO 12460 --- [restartedMain] o.s.s.concurrent.ThreadPoolTaskExecutor  : Initializing ExecutorService 'applicationTaskExecutor'
2022-08-03 11:57:20.522  INFO 12460 --- [restartedMain] o.s.b.w.embedded.tomcat.TomcatWebServer  : Tomcat started on port(s): 8082 (http) with context path '/api/v1.0'
2022-08-03 11:57:20.525  INFO 12460 --- [restartedMain] d.s.w.p.DocumentationPluginsBootstrapper : Context refreshed
2022-08-03 11:57:20.560  INFO 12460 --- [restartedMain] d.s.w.p.DocumentationPluginsBootstrapper : Found 1 custom documentation plugin(s)
2022-08-03 11:57:20.632  INFO 12460 --- [restartedMain] s.d.s.w.s.ApiListingReferenceScanner     : Scanning for api listing references
2022-08-03 11:57:20.935  INFO 12460 --- [restartedMain] com.tweetapp.TweetApp                    : Started TweetApp in 7.957 seconds (JVM running for 9.331)
2022-08-03 11:57:21.390  INFO 12460 --- [RMI TCP Connection(1)-127.0.0.1] o.a.c.c.C.[.[localhost].[/api/v1.0]      : Initializing Spring DispatcherServlet 'dispatcherServlet'
2022-08-03 11:57:21.390  INFO 12460 --- [RMI TCP Connection(1)-127.0.0.1] o.s.web.servlet.DispatcherServlet        : Initializing Servlet 'dispatcherServlet'
2022-08-03 11:57:21.393  INFO 12460 --- [RMI TCP Connection(1)-127.0.0.1] o.s.web.servlet.DispatcherServlet        : Completed initialization in 3 ms
2022-08-03 11:58:23.653  INFO 12460 --- [http-nio-8082-exec-9] org.mongodb.driver.connection            : Opened connection [connectionId{localValue:3, serverValue:3}] to localhost:27017
2022-08-03 11:58:23.754  INFO 12460 --- [http-nio-8082-exec-9] com.tweetapp.services.TweetService       : prince@gmail.com tweets --> Tweet(tweetId=3, username=prince@gmail.com, tweetText=hi,how r u, firstName=prince, lastName=singh, tweetDate=2022-03-12, likes=[], comments=[Comment(username=, comment=)])
2022-08-03 12:07:14.645  INFO 12460 --- [Thread-4] o.s.s.concurrent.ThreadPoolTaskExecutor  : Shutting down ExecutorService 'applicationTaskExecutor'
2022-08-03 12:07:14.657  INFO 12460 --- [Thread-4] org.mongodb.driver.connection            : Closed connection [connectionId{localValue:3, serverValue:3}] to localhost:27017 because the pool has been closed.
2022-08-03 12:07:14.794  INFO 12460 --- [restartedMain] com.tweetapp.TweetApp                    : Starting TweetApp using Java 11.0.12 on ctsjava729 with PID 12460 (C:\Users\cogjava2117\Downloads\tweetappbackend-main\Tweetapp\TweetApp\target\classes started by cogjava2117 in C:\Users\cogjava2117\Downloads\tweetappbackend-main\Tweetapp\TweetApp)
2022-08-03 12:07:14.795  INFO 12460 --- [restartedMain] com.tweetapp.TweetApp                    : No active profile set, falling back to default profiles: default
2022-08-03 12:07:15.576  INFO 12460 --- [restartedMain] .s.d.r.c.RepositoryConfigurationDelegate : Bootstrapping Spring Data MongoDB repositories in DEFAULT mode.
2022-08-03 12:07:15.603  INFO 12460 --- [restartedMain] .s.d.r.c.RepositoryConfigurationDelegate : Finished Spring Data repository scanning in 25 ms. Found 2 MongoDB repository interfaces.
2022-08-03 12:07:15.763  INFO 12460 --- [restartedMain] o.s.b.w.embedded.tomcat.TomcatWebServer  : Tomcat initialized with port(s): 8082 (http)
2022-08-03 12:07:15.765  INFO 12460 --- [restartedMain] o.apache.catalina.core.StandardService   : Starting service [Tomcat]
2022-08-03 12:07:15.766  INFO 12460 --- [restartedMain] org.apache.catalina.core.StandardEngine  : Starting Servlet engine: [Apache Tomcat/9.0.45]
2022-08-03 12:07:15.804  INFO 12460 --- [restartedMain] o.a.c.c.C.[.[localhost].[/api/v1.0]      : Initializing Spring embedded WebApplicationContext
2022-08-03 12:07:15.805  INFO 12460 --- [restartedMain] w.s.c.ServletWebServerApplicationContext : Root WebApplicationContext: initialization completed in 1007 ms
2022-08-03 12:07:15.928  INFO 12460 --- [restartedMain] org.mongodb.driver.cluster               : Cluster created with settings {hosts=[localhost:27017], mode=SINGLE, requiredClusterType=UNKNOWN, serverSelectionTimeout='30000 ms'}
2022-08-03 12:07:15.936  INFO 12460 --- [cluster-ClusterId{value='62ea179bfd60aa5e26cf35a4', description='null'}-localhost:27017] org.mongodb.driver.connection            : Opened connection [connectionId{localValue:4, serverValue:4}] to localhost:27017
2022-08-03 12:07:15.942  INFO 12460 --- [cluster-ClusterId{value='62ea179bfd60aa5e26cf35a4', description='null'}-localhost:27017] org.mongodb.driver.cluster               : Monitor thread successfully connected to server with description ServerDescription{address=localhost:27017, type=STANDALONE, state=CONNECTED, ok=true, minWireVersion=0, maxWireVersion=13, maxDocumentSize=16777216, logicalSessionTimeoutMinutes=30, roundTripTimeNanos=1599800}
2022-08-03 12:07:15.953  INFO 12460 --- [cluster-rtt-ClusterId{value='62ea179bfd60aa5e26cf35a4', description='null'}-localhost:27017] org.mongodb.driver.connection            : Opened connection [connectionId{localValue:5, serverValue:5}] to localhost:27017
2022-08-03 12:07:15.977  INFO 12460 --- [restartedMain] o.s.b.d.a.OptionalLiveReloadServer       : LiveReload server is running on port 35729
2022-08-03 12:07:16.326  INFO 12460 --- [restartedMain] o.s.b.a.e.web.EndpointLinksResolver      : Exposing 15 endpoint(s) beneath base path '/actuator'
2022-08-03 12:07:16.376  INFO 12460 --- [restartedMain] o.s.s.web.DefaultSecurityFilterChain     : Will secure any request with [org.springframework.security.web.context.request.async.WebAsyncManagerIntegrationFilter@31c26862, org.springframework.security.web.context.SecurityContextPersistenceFilter@69652b7c, org.springframework.security.web.header.HeaderWriterFilter@15d8a285, org.springframework.security.web.authentication.logout.LogoutFilter@2aff2d01, org.springframework.security.web.savedrequest.RequestCacheAwareFilter@138ec422, org.springframework.security.web.servletapi.SecurityContextHolderAwareRequestFilter@4312905c, org.springframework.security.web.authentication.AnonymousAuthenticationFilter@703a66f3, org.springframework.security.web.session.SessionManagementFilter@35439f2f, org.springframework.security.web.access.ExceptionTranslationFilter@35c9eb11, org.springframework.security.web.access.intercept.FilterSecurityInterceptor@788dce10]
2022-08-03 12:07:16.395  INFO 12460 --- [restartedMain] pertySourcedRequestMappingHandlerMapping : Mapped URL path [/v2/api-docs] onto method [springfox.documentation.swagger2.web.Swagger2Controller#getDocumentation(String, HttpServletRequest)]
2022-08-03 12:07:16.455  INFO 12460 --- [restartedMain] o.s.s.concurrent.ThreadPoolTaskExecutor  : Initializing ExecutorService 'applicationTaskExecutor'
2022-08-03 12:07:16.593  INFO 12460 --- [restartedMain] o.s.b.w.embedded.tomcat.TomcatWebServer  : Tomcat started on port(s): 8082 (http) with context path '/api/v1.0'
2022-08-03 12:07:16.594  INFO 12460 --- [restartedMain] d.s.w.p.DocumentationPluginsBootstrapper : Context refreshed
2022-08-03 12:07:16.596  INFO 12460 --- [restartedMain] d.s.w.p.DocumentationPluginsBootstrapper : Found 1 custom documentation plugin(s)
2022-08-03 12:07:16.609  INFO 12460 --- [restartedMain] s.d.s.w.s.ApiListingReferenceScanner     : Scanning for api listing references
2022-08-03 12:07:16.718  INFO 12460 --- [restartedMain] com.tweetapp.TweetApp                    : Started TweetApp in 1.97 seconds (JVM running for 605.116)
2022-08-03 12:07:16.725  INFO 12460 --- [restartedMain] .ConditionEvaluationDeltaLoggingListener : Condition evaluation unchanged
2022-08-03 12:09:11.634  INFO 12460 --- [http-nio-8082-exec-2] o.a.c.c.C.[.[localhost].[/api/v1.0]      : Initializing Spring DispatcherServlet 'dispatcherServlet'
2022-08-03 12:09:11.635  INFO 12460 --- [http-nio-8082-exec-2] o.s.web.servlet.DispatcherServlet        : Initializing Servlet 'dispatcherServlet'
2022-08-03 12:09:11.637  INFO 12460 --- [http-nio-8082-exec-2] o.s.web.servlet.DispatcherServlet        : Completed initialization in 2 ms
2022-08-03 12:09:11.650  INFO 12460 --- [http-nio-8082-exec-2] org.mongodb.driver.connection            : Opened connection [connectionId{localValue:6, serverValue:6}] to localhost:27017
2022-08-03 12:09:11.667  INFO 12460 --- [http-nio-8082-exec-2] com.tweetapp.services.TweetService       : prince@gmail.com tweets --> Tweet(tweetId=3, username=prince@gmail.com, tweetText=hi,how r u, firstName=prince, lastName=singh, tweetDate=2022-03-12, likes=[], comments=[Comment(username=, comment=)])
2022-08-03 12:09:14.187  INFO 12460 --- [http-nio-8082-exec-1] com.tweetapp.services.TweetService       : prince@gmail.com tweets --> Tweet(tweetId=3, username=prince@gmail.com, tweetText=hi,how r u, firstName=prince, lastName=singh, tweetDate=2022-03-12, likes=[], comments=[Comment(username=, comment=)])
2022-08-03 12:14:48.728  INFO 12460 --- [Thread-8] o.s.s.concurrent.ThreadPoolTaskExecutor  : Shutting down ExecutorService 'applicationTaskExecutor'
2022-08-03 12:14:48.735  INFO 12460 --- [Thread-8] org.mongodb.driver.connection            : Closed connection [connectionId{localValue:6, serverValue:6}] to localhost:27017 because the pool has been closed.
2022-08-03 12:14:48.890  INFO 12460 --- [restartedMain] com.tweetapp.TweetApp                    : Starting TweetApp using Java 11.0.12 on ctsjava729 with PID 12460 (C:\Users\cogjava2117\Downloads\tweetappbackend-main\Tweetapp\TweetApp\target\classes started by cogjava2117 in C:\Users\cogjava2117\Downloads\tweetappbackend-main\Tweetapp\TweetApp)
2022-08-03 12:14:48.890  INFO 12460 --- [restartedMain] com.tweetapp.TweetApp                    : No active profile set, falling back to default profiles: default
2022-08-03 12:14:49.704  INFO 12460 --- [restartedMain] .s.d.r.c.RepositoryConfigurationDelegate : Bootstrapping Spring Data MongoDB repositories in DEFAULT mode.
2022-08-03 12:14:49.742  INFO 12460 --- [restartedMain] .s.d.r.c.RepositoryConfigurationDelegate : Finished Spring Data repository scanning in 37 ms. Found 2 MongoDB repository interfaces.
2022-08-03 12:14:49.945  INFO 12460 --- [restartedMain] o.s.b.w.embedded.tomcat.TomcatWebServer  : Tomcat initialized with port(s): 8082 (http)
2022-08-03 12:14:49.947  INFO 12460 --- [restartedMain] o.apache.catalina.core.StandardService   : Starting service [Tomcat]
2022-08-03 12:14:49.947  INFO 12460 --- [restartedMain] org.apache.catalina.core.StandardEngine  : Starting Servlet engine: [Apache Tomcat/9.0.45]
2022-08-03 12:14:50.004  INFO 12460 --- [restartedMain] o.a.c.c.C.[.[localhost].[/api/v1.0]      : Initializing Spring embedded WebApplicationContext
2022-08-03 12:14:50.005  INFO 12460 --- [restartedMain] w.s.c.ServletWebServerApplicationContext : Root WebApplicationContext: initialization completed in 1110 ms
2022-08-03 12:14:50.119  INFO 12460 --- [restartedMain] org.mongodb.driver.cluster               : Cluster created with settings {hosts=[localhost:27017], mode=SINGLE, requiredClusterType=UNKNOWN, serverSelectionTimeout='30000 ms'}
2022-08-03 12:14:50.127  INFO 12460 --- [cluster-rtt-ClusterId{value='62ea1962fd60aa5e26cf35a5', description='null'}-localhost:27017] org.mongodb.driver.connection            : Opened connection [connectionId{localValue:8, serverValue:8}] to localhost:27017
2022-08-03 12:14:50.127  INFO 12460 --- [cluster-ClusterId{value='62ea1962fd60aa5e26cf35a5', description='null'}-localhost:27017] org.mongodb.driver.connection            : Opened connection [connectionId{localValue:7, serverValue:7}] to localhost:27017
2022-08-03 12:14:50.132  INFO 12460 --- [cluster-ClusterId{value='62ea1962fd60aa5e26cf35a5', description='null'}-localhost:27017] org.mongodb.driver.cluster               : Monitor thread successfully connected to server with description ServerDescription{address=localhost:27017, type=STANDALONE, state=CONNECTED, ok=true, minWireVersion=0, maxWireVersion=13, maxDocumentSize=16777216, logicalSessionTimeoutMinutes=30, roundTripTimeNanos=2441000}
2022-08-03 12:14:50.163  INFO 12460 --- [restartedMain] o.s.b.d.a.OptionalLiveReloadServer       : LiveReload server is running on port 35729
2022-08-03 12:14:50.427  INFO 12460 --- [restartedMain] o.s.b.a.e.web.EndpointLinksResolver      : Exposing 15 endpoint(s) beneath base path '/actuator'
2022-08-03 12:14:50.478  INFO 12460 --- [restartedMain] o.s.s.web.DefaultSecurityFilterChain     : Will secure any request with [org.springframework.security.web.context.request.async.WebAsyncManagerIntegrationFilter@35a0ddfc, org.springframework.security.web.context.SecurityContextPersistenceFilter@6fc01762, org.springframework.security.web.header.HeaderWriterFilter@6f136dca, org.springframework.security.web.authentication.logout.LogoutFilter@a016c57, org.springframework.security.web.savedrequest.RequestCacheAwareFilter@16a7845c, org.springframework.security.web.servletapi.SecurityContextHolderAwareRequestFilter@62aec67f, org.springframework.security.web.authentication.AnonymousAuthenticationFilter@b9c3dbb, org.springframework.security.web.session.SessionManagementFilter@706eea40, org.springframework.security.web.access.ExceptionTranslationFilter@3c98a0d6, org.springframework.security.web.access.intercept.FilterSecurityInterceptor@2a8920a]
2022-08-03 12:14:50.497  INFO 12460 --- [restartedMain] pertySourcedRequestMappingHandlerMapping : Mapped URL path [/v2/api-docs] onto method [springfox.documentation.swagger2.web.Swagger2Controller#getDocumentation(String, HttpServletRequest)]
2022-08-03 12:14:50.540  INFO 12460 --- [restartedMain] o.s.s.concurrent.ThreadPoolTaskExecutor  : Initializing ExecutorService 'applicationTaskExecutor'
2022-08-03 12:14:50.667  INFO 12460 --- [restartedMain] o.s.b.w.embedded.tomcat.TomcatWebServer  : Tomcat started on port(s): 8082 (http) with context path '/api/v1.0'
2022-08-03 12:14:50.669  INFO 12460 --- [restartedMain] d.s.w.p.DocumentationPluginsBootstrapper : Context refreshed
2022-08-03 12:14:50.670  INFO 12460 --- [restartedMain] d.s.w.p.DocumentationPluginsBootstrapper : Found 1 custom documentation plugin(s)
2022-08-03 12:14:50.683  INFO 12460 --- [restartedMain] s.d.s.w.s.ApiListingReferenceScanner     : Scanning for api listing references
2022-08-03 12:14:50.738  INFO 12460 --- [restartedMain] com.tweetapp.TweetApp                    : Started TweetApp in 1.9 seconds (JVM running for 1059.129)
2022-08-03 12:14:50.742  INFO 12460 --- [restartedMain] .ConditionEvaluationDeltaLoggingListener : Condition evaluation unchanged
2022-08-03 12:15:12.639  INFO 12460 --- [Thread-13] o.s.s.concurrent.ThreadPoolTaskExecutor  : Shutting down ExecutorService 'applicationTaskExecutor'
2022-08-03 12:15:16.015  INFO 12460 --- [restartedMain] com.tweetapp.TweetApp                    : Starting TweetApp using Java 11.0.12 on ctsjava729 with PID 12460 (C:\Users\cogjava2117\Downloads\tweetappbackend-main\Tweetapp\TweetApp\target\classes started by cogjava2117 in C:\Users\cogjava2117\Downloads\tweetappbackend-main\Tweetapp\TweetApp)
2022-08-03 12:15:16.015  INFO 12460 --- [restartedMain] com.tweetapp.TweetApp                    : No active profile set, falling back to default profiles: default
2022-08-03 12:15:16.572  INFO 12460 --- [restartedMain] .s.d.r.c.RepositoryConfigurationDelegate : Bootstrapping Spring Data MongoDB repositories in DEFAULT mode.
2022-08-03 12:15:16.593  INFO 12460 --- [restartedMain] .s.d.r.c.RepositoryConfigurationDelegate : Finished Spring Data repository scanning in 20 ms. Found 2 MongoDB repository interfaces.
2022-08-03 12:15:16.699  INFO 12460 --- [restartedMain] o.s.b.w.embedded.tomcat.TomcatWebServer  : Tomcat initialized with port(s): 8082 (http)
2022-08-03 12:15:16.700  INFO 12460 --- [restartedMain] o.apache.catalina.core.StandardService   : Starting service [Tomcat]
2022-08-03 12:15:16.700  INFO 12460 --- [restartedMain] org.apache.catalina.core.StandardEngine  : Starting Servlet engine: [Apache Tomcat/9.0.45]
2022-08-03 12:15:16.724  INFO 12460 --- [restartedMain] o.a.c.c.C.[.[localhost].[/api/v1.0]      : Initializing Spring embedded WebApplicationContext
2022-08-03 12:15:16.724  INFO 12460 --- [restartedMain] w.s.c.ServletWebServerApplicationContext : Root WebApplicationContext: initialization completed in 705 ms
2022-08-03 12:15:16.833  INFO 12460 --- [restartedMain] org.mongodb.driver.cluster               : Cluster created with settings {hosts=[localhost:27017], mode=SINGLE, requiredClusterType=UNKNOWN, serverSelectionTimeout='30000 ms'}
2022-08-03 12:15:16.837  INFO 12460 --- [cluster-ClusterId{value='62ea197cfd60aa5e26cf35a7', description='null'}-localhost:27017] org.mongodb.driver.connection            : Opened connection [connectionId{localValue:11, serverValue:12}] to localhost:27017
2022-08-03 12:15:16.837  INFO 12460 --- [cluster-rtt-ClusterId{value='62ea197cfd60aa5e26cf35a7', description='null'}-localhost:27017] org.mongodb.driver.connection            : Opened connection [connectionId{localValue:12, serverValue:11}] to localhost:27017
2022-08-03 12:15:16.841  INFO 12460 --- [cluster-ClusterId{value='62ea197cfd60aa5e26cf35a7', description='null'}-localhost:27017] org.mongodb.driver.cluster               : Monitor thread successfully connected to server with description ServerDescription{address=localhost:27017, type=STANDALONE, state=CONNECTED, ok=true, minWireVersion=0, maxWireVersion=13, maxDocumentSize=16777216, logicalSessionTimeoutMinutes=30, roundTripTimeNanos=1576600}
2022-08-03 12:15:16.864  INFO 12460 --- [restartedMain] o.s.b.d.a.OptionalLiveReloadServer       : LiveReload server is running on port 35729
2022-08-03 12:15:17.067  INFO 12460 --- [restartedMain] o.s.b.a.e.web.EndpointLinksResolver      : Exposing 15 endpoint(s) beneath base path '/actuator'
2022-08-03 12:15:17.113  INFO 12460 --- [restartedMain] o.s.s.web.DefaultSecurityFilterChain     : Will secure any request with [org.springframework.security.web.context.request.async.WebAsyncManagerIntegrationFilter@408d8e77, org.springframework.security.web.context.SecurityContextPersistenceFilter@67fe306b, org.springframework.security.web.header.HeaderWriterFilter@34dd98b3, org.springframework.security.web.authentication.logout.LogoutFilter@3c7835b3, org.springframework.security.web.savedrequest.RequestCacheAwareFilter@6a3dcfe9, org.springframework.security.web.servletapi.SecurityContextHolderAwareRequestFilter@327dca1d, org.springframework.security.web.authentication.AnonymousAuthenticationFilter@3a257ae2, org.springframework.security.web.session.SessionManagementFilter@434b77af, org.springframework.security.web.access.ExceptionTranslationFilter@28a4ad50, org.springframework.security.web.access.intercept.FilterSecurityInterceptor@2acda964]
2022-08-03 12:15:17.127  INFO 12460 --- [restartedMain] pertySourcedRequestMappingHandlerMapping : Mapped URL path [/v2/api-docs] onto method [springfox.documentation.swagger2.web.Swagger2Controller#getDocumentation(String, HttpServletRequest)]
2022-08-03 12:15:17.175  INFO 12460 --- [restartedMain] o.s.s.concurrent.ThreadPoolTaskExecutor  : Initializing ExecutorService 'applicationTaskExecutor'
2022-08-03 12:15:17.312  INFO 12460 --- [restartedMain] o.s.b.w.embedded.tomcat.TomcatWebServer  : Tomcat started on port(s): 8082 (http) with context path '/api/v1.0'
2022-08-03 12:15:17.314  INFO 12460 --- [restartedMain] d.s.w.p.DocumentationPluginsBootstrapper : Context refreshed
2022-08-03 12:15:17.315  INFO 12460 --- [restartedMain] d.s.w.p.DocumentationPluginsBootstrapper : Found 1 custom documentation plugin(s)
2022-08-03 12:15:17.324  INFO 12460 --- [restartedMain] s.d.s.w.s.ApiListingReferenceScanner     : Scanning for api listing references
2022-08-03 12:15:17.397  INFO 12460 --- [restartedMain] com.tweetapp.TweetApp                    : Started TweetApp in 1.421 seconds (JVM running for 1085.787)
2022-08-03 12:15:17.401  INFO 12460 --- [restartedMain] .ConditionEvaluationDeltaLoggingListener : Condition evaluation unchanged
2022-08-03 12:48:50.224  INFO 12460 --- [RMI TCP Connection(3)-127.0.0.1] inMXBeanRegistrar$SpringApplicationAdmin : Application shutdown requested.
2022-08-03 12:48:50.273  INFO 12460 --- [RMI TCP Connection(3)-127.0.0.1] o.s.s.concurrent.ThreadPoolTaskExecutor  : Shutting down ExecutorService 'applicationTaskExecutor'
